[2026-06-26 16:34:03] local.ERROR: SQLSTATE[HY000] [2002] No connection could be made because the target machine actively refused it (Connection: mysql, Host: 127.0.0.1, Port: 3306, Database: laravel, SQL: delete from `cache`) {"exception":"[object] (Illuminate\\Database\\QueryException(code: 2002): SQLSTATE[HY000] [2002] No connection could be made because the target machine actively refused it (Connection: mysql, Host: 127.0.0.1, Port: 3306, Database: laravel, SQL: delete from `cache`) at D:/website-DonasiKu-main/vendor/laravel/framework/src/Illuminate/Database/Connection.php:841)
[stacktrace]
#0 D:/website-DonasiKu-main/vendor/laravel/framework/src/Illuminate/Database/Connection.php(1021): Illuminate/Database/Connection->runQueryCallback()
#1 D:/website-DonasiKu-main/vendor/laravel/framework/src/Illuminate/Database/Connection.php(1000): Illuminate/Database/Connection->tryAgainIfCausedByLostConnection()
#2 D:/website-DonasiKu-main/vendor/laravel/framework/src/Illuminate/Database/Connection.php(799): Illuminate/Database/Connection->handleQueryException()
#3 D:/website-DonasiKu-main/vendor/laravel/framework/src/Illuminate/Database/Connection.php(600): Illuminate/Database/Connection->run()
#4 D:/website-DonasiKu-main/vendor/laravel/framework/src/Illuminate/Database/Connection.php(564): Illuminate/Database/Connection->affectingStatement()
#5 D:/website-DonasiKu-main/vendor/laravel/framework/src/Illuminate/Database/Query/Builder.php(4509): Illuminate/Database/Connection->delete()
#6 D:/website-DonasiKu-main/vendor/laravel/framework/src/Illuminate/Cache/DatabaseStore.php(450): Illuminate/Database/Query/Builder->delete()
#7 D:/website-DonasiKu-main/vendor/laravel/framework/src/Illuminate/Cache/Repository.php(1047): Illuminate/Cache/DatabaseStore->flush()
#8 D:/website-DonasiKu-main/vendor/laravel/framework/src/Illuminate/Cache/Console/ClearCommand.php(73): Illuminate/Cache/Repository->__call()
#9 D:/website-DonasiKu-main/vendor/laravel/framework/src/Illuminate/Container/BoundMethod.php(36): Illuminate/Cache/Console/ClearCommand->handle()
#10 D:/website-DonasiKu-main/vendor/laravel/framework/src/Illuminate/Container/Util.php(43): Illuminate/Container/BoundMethod::{closure:Illuminate/Container/BoundMethod::call():35}()
#11 D:/website-DonasiKu-main/vendor/laravel/framework/src/Illuminate/Container/BoundMethod.php(96): Illuminate/Container/Util::unwrapIfClosure()
#12 D:/website-DonasiKu-main/vendor/laravel/framework/src/Illuminate/Container/BoundMethod.php(35): Illuminate/Container/BoundMethod::callBoundMethod()
#13 D:/website-DonasiKu-main/vendor/laravel/framework/src/Illuminate/Container/Container.php(799): Illuminate/Container/BoundMethod::call()
#14 D:/website-DonasiKu-main/vendor/laravel/framework/src/Illuminate/Console/Command.php(280): Illuminate/Container/Container->call()
#15 D:/website-DonasiKu-main/vendor/symfony/console/Command/Command.php(291): Illuminate/Console/Command->execute()
#16 D:/website-DonasiKu-main/vendor/laravel/framework/src/Illuminate/Console/Command.php(249): Symfony/Component/Console/Command/Command->run()
#17 D:/website-DonasiKu-main/vendor/laravel/framework/src/Illuminate/Console/Concerns/CallsCommands.php(68): Illuminate/Console/Command->run()
#18 D:/website-DonasiKu-main/vendor/laravel/framework/src/Illuminate/Console/Concerns/CallsCommands.php(41): Illuminate/Console/Command->runCommand()
#19 D:/website-DonasiKu-main/vendor/laravel/framework/src/Illuminate/Console/Concerns/CallsCommands.php(53): Illuminate/Console/Command->callSilent()
#20 D:/website-DonasiKu-main/vendor/laravel/framework/src/Illuminate/Foundation/Console/OptimizeClearCommand.php(48): Illuminate/Console/Command->callSilently()
#21 D:/website-DonasiKu-main/vendor/laravel/framework/src/Illuminate/Console/View/Components/Task.php(43): Illuminate/Foundation/Console/OptimizeClearCommand->{closure:Illuminate/Foundation/Console/OptimizeClearCommand::handle():48}()
#22 D:/website-DonasiKu-main/vendor/laravel/framework/src/Illuminate/Console/View/Components/Factory.php(59): Illuminate/Console/View/Components/Task->render()
#23 D:/website-DonasiKu-main/vendor/laravel/framework/src/Illuminate/Foundation/Console/OptimizeClearCommand.php(48): Illuminate/Console/View/Components/Factory->__call()
#24 D:/website-DonasiKu-main/vendor/laravel/framework/src/Illuminate/Container/BoundMethod.php(36): Illuminate/Foundation/Console/OptimizeClearCommand->handle()
#25 D:/website-DonasiKu-main/vendor/laravel/framework/src/Illuminate/Container/Util.php(43): Illuminate/Container/BoundMethod::{closure:Illuminate/Container/BoundMethod::call():35}()
#26 D:/website-DonasiKu-main/vendor/laravel/framework/src/Illuminate/Container/BoundMethod.php(96): Illuminate/Container/Util::unwrapIfClosure()
#27 D:/website-DonasiKu-main/vendor/laravel/framework/src/Illuminate/Container/BoundMethod.php(35): Illuminate/Container/BoundMethod::callBoundMethod()
#28 D:/website-DonasiKu-main/vendor/laravel/framework/src/Illuminate/Container/Container.php(799): Illuminate/Container/BoundMethod::call()
#29 D:/website-DonasiKu-main/vendor/laravel/framework/src/Illuminate/Console/Command.php(280): Illuminate/Container/Container->call()
#30 D:/website-DonasiKu-main/vendor/symfony/console/Command/Command.php(291): Illuminate/Console/Command->execute()
#31 D:/website-DonasiKu-main/vendor/laravel/framework/src/Illuminate/Console/Command.php(249): Symfony/Component/Console/Command/Command->run()
#32 D:/website-DonasiKu-main/vendor/symfony/console/Application.php(1107): Illuminate/Console/Command->run()
#33 D:/website-DonasiKu-main/vendor/symfony/console/Application.php(356): Symfony/Component/Console/Application->doRunCommand()
#34 D:/website-DonasiKu-main/vendor/symfony/console/Application.php(195): Symfony/Component/Console/Application->doRun()
#35 D:/website-DonasiKu-main/vendor/laravel/framework/src/Illuminate/Foundation/Console/Kernel.php(198): Symfony/Component/Console/Application->run()
#36 D:/website-DonasiKu-main/vendor/laravel/framework/src/Illuminate/Foundation/Application.php(1235): Illuminate/Foundation/Console/Kernel->handle()
#37 D:/website-DonasiKu-main/artisan(16): Illuminate/Foundation/Application->handleCommand()
#38 {main}

[previous exception] [object] (PDOException(code: 2002): SQLSTATE[HY000] [2002] No connection could be made because the target machine actively refused it at D:/website-DonasiKu-main/vendor/laravel/framework/src/Illuminate/Database/Connectors/Connector.php:67)
[stacktrace]
#0 D:/website-DonasiKu-main/vendor/laravel/framework/src/Illuminate/Database/Connectors/Connector.php(67): PDO::connect()
#1 D:/website-DonasiKu-main/vendor/laravel/framework/src/Illuminate/Database/Connectors/Connector.php(85): Illuminate/Database/Connectors/Connector->createPdoConnection()
#2 D:/website-DonasiKu-main/vendor/laravel/framework/src/Illuminate/Database/Connectors/Connector.php(48): Illuminate/Database/Connectors/Connector->tryAgainIfCausedByLostConnection()
#3 D:/website-DonasiKu-main/vendor/laravel/framework/src/Illuminate/Database/Connectors/MySqlConnector.php(24): Illuminate/Database/Connectors/Connector->createConnection()
#4 D:/website-DonasiKu-main/vendor/laravel/framework/src/Illuminate/Database/Connectors/ConnectionFactory.php(186): Illuminate/Database/Connectors/MySqlConnector->connect()
#5 [internal function]: Illuminate/Database/Connectors/ConnectionFactory->{closure:Illuminate/Database/Connectors/ConnectionFactory::createPdoResolverWithHosts():181}()
#6 D:/website-DonasiKu-main/vendor/laravel/framework/src/Illuminate/Database/Connection.php(1279): call_user_func()
#7 D:/website-DonasiKu-main/vendor/laravel/framework/src/Illuminate/Database/Connection.php(608): Illuminate/Database/Connection->getPdo()
#8 D:/website-DonasiKu-main/vendor/laravel/framework/src/Illuminate/Database/Connection.php(830): Illuminate/Database/Connection->{closure:Illuminate/Database/Connection::affectingStatement():600}()
#9 D:/website-DonasiKu-main/vendor/laravel/framework/src/Illuminate/Database/Connection.php(1021): Illuminate/Database/Connection->runQueryCallback()
#10 D:/website-DonasiKu-main/vendor/laravel/framework/src/Illuminate/Database/Connection.php(1000): Illuminate/Database/Connection->tryAgainIfCausedByLostConnection()
#11 D:/website-DonasiKu-main/vendor/laravel/framework/src/Illuminate/Database/Connection.php(799): Illuminate/Database/Connection->handleQueryException()
#12 D:/website-DonasiKu-main/vendor/laravel/framework/src/Illuminate/Database/Connection.php(600): Illuminate/Database/Connection->run()
#13 D:/website-DonasiKu-main/vendor/laravel/framework/src/Illuminate/Database/Connection.php(564): Illuminate/Database/Connection->affectingStatement()
#14 D:/website-DonasiKu-main/vendor/laravel/framework/src/Illuminate/Database/Query/Builder.php(4509): Illuminate/Database/Connection->delete()
#15 D:/website-DonasiKu-main/vendor/laravel/framework/src/Illuminate/Cache/DatabaseStore.php(450): Illuminate/Database/Query/Builder->delete()
#16 D:/website-DonasiKu-main/vendor/laravel/framework/src/Illuminate/Cache/Repository.php(1047): Illuminate/Cache/DatabaseStore->flush()
#17 D:/website-DonasiKu-main/vendor/laravel/framework/src/Illuminate/Cache/Console/ClearCommand.php(73): Illuminate/Cache/Repository->__call()
#18 D:/website-DonasiKu-main/vendor/laravel/framework/src/Illuminate/Container/BoundMethod.php(36): Illuminate/Cache/Console/ClearCommand->handle()
#19 D:/website-DonasiKu-main/vendor/laravel/framework/src/Illuminate/Container/Util.php(43): Illuminate/Container/BoundMethod::{closure:Illuminate/Container/BoundMethod::call():35}()
#20 D:/website-DonasiKu-main/vendor/laravel/framework/src/Illuminate/Container/BoundMethod.php(96): Illuminate/Container/Util::unwrapIfClosure()
#21 D:/website-DonasiKu-main/vendor/laravel/framework/src/Illuminate/Container/BoundMethod.php(35): Illuminate/Container/BoundMethod::callBoundMethod()
#22 D:/website-DonasiKu-main/vendor/laravel/framework/src/Illuminate/Container/Container.php(799): Illuminate/Container/BoundMethod::call()
#23 D:/website-DonasiKu-main/vendor/laravel/framework/src/Illuminate/Console/Command.php(280): Illuminate/Container/Container->call()
#24 D:/website-DonasiKu-main/vendor/symfony/console/Command/Command.php(291): Illuminate/Console/Command->execute()
#25 D:/website-DonasiKu-main/vendor/laravel/framework/src/Illuminate/Console/Command.php(249): Symfony/Component/Console/Command/Command->run()
#26 D:/website-DonasiKu-main/vendor/laravel/framework/src/Illuminate/Console/Concerns/CallsCommands.php(68): Illuminate/Console/Command->run()
#27 D:/website-DonasiKu-main/vendor/laravel/framework/src/Illuminate/Console/Concerns/CallsCommands.php(41): Illuminate/Console/Command->runCommand()
#28 D:/website-DonasiKu-main/vendor/laravel/framework/src/Illuminate/Console/Concerns/CallsCommands.php(53): Illuminate/Console/Command->callSilent()
#29 D:/website-DonasiKu-main/vendor/laravel/framework/src/Illuminate/Foundation/Console/OptimizeClearCommand.php(48): Illuminate/Console/Command->callSilently()
#30 D:/website-DonasiKu-main/vendor/laravel/framework/src/Illuminate/Console/View/Components/Task.php(43): Illuminate/Foundation/Console/OptimizeClearCommand->{closure:Illuminate/Foundation/Console/OptimizeClearCommand::handle():48}()
#31 D:/website-DonasiKu-main/vendor/laravel/framework/src/Illuminate/Console/View/Components/Factory.php(59): Illuminate/Console/View/Components/Task->render()
#32 D:/website-DonasiKu-main/vendor/laravel/framework/src/Illuminate/Foundation/Console/OptimizeClearCommand.php(48): Illuminate/Console/View/Components/Factory->__call()
#33 D:/website-DonasiKu-main/vendor/laravel/framework/src/Illuminate/Container/BoundMethod.php(36): Illuminate/Foundation/Console/OptimizeClearCommand->handle()
#34 D:/website-DonasiKu-main/vendor/laravel/framework/src/Illuminate/Container/Util.php(43): Illuminate/Container/BoundMethod::{closure:Illuminate/Container/BoundMethod::call():35}()
#35 D:/website-DonasiKu-main/vendor/laravel/framework/src/Illuminate/Container/BoundMethod.php(96): Illuminate/Container/Util::unwrapIfClosure()
#36 D:/website-DonasiKu-main/vendor/laravel/framework/src/Illuminate/Container/BoundMethod.php(35): Illuminate/Container/BoundMethod::callBoundMethod()
#37 D:/website-DonasiKu-main/vendor/laravel/framework/src/Illuminate/Container/Container.php(799): Illuminate/Container/BoundMethod::call()
#38 D:/website-DonasiKu-main/vendor/laravel/framework/src/Illuminate/Console/Command.php(280): Illuminate/Container/Container->call()
#39 D:/website-DonasiKu-main/vendor/symfony/console/Command/Command.php(291): Illuminate/Console/Command->execute()
#40 D:/website-DonasiKu-main/vendor/laravel/framework/src/Illuminate/Console/Command.php(249): Symfony/Component/Console/Command/Command->run()
#41 D:/website-DonasiKu-main/vendor/symfony/console/Application.php(1107): Illuminate/Console/Command->run()
#42 D:/website-DonasiKu-main/vendor/symfony/console/Application.php(356): Symfony/Component/Console/Application->doRunCommand()
#43 D:/website-DonasiKu-main/vendor/symfony/console/Application.php(195): Symfony/Component/Console/Application->doRun()
#44 D:/website-DonasiKu-main/vendor/laravel/framework/src/Illuminate/Foundation/Console/Kernel.php(198): Symfony/Component/Console/Application->run()
#45 D:/website-DonasiKu-main/vendor/laravel/framework/src/Illuminate/Foundation/Application.php(1235): Illuminate/Foundation/Console/Kernel->handle()
#46 D:/website-DonasiKu-main/artisan(16): Illuminate/Foundation/Application->handleCommand()
#47 {main}
"} 
[2026-06-26 16:36:47] local.ERROR: SQLSTATE[42S02]: Base table or view not found: 1146 Table 'laravel.cache' doesn't exist (Connection: mysql, Host: 127.0.0.1, Port: 3306, Database: laravel, SQL: delete from `cache`) {"exception":"[object] (Illuminate\\Database\\QueryException(code: 42S02): SQLSTATE[42S02]: Base table or view not found: 1146 Table 'laravel.cache' doesn't exist (Connection: mysql, Host: 127.0.0.1, Port: 3306, Database: laravel, SQL: delete from `cache`) at D:/website-DonasiKu-main/vendor/laravel/framework/src/Illuminate/Database/Connection.php:841)
[stacktrace]
#0 D:/website-DonasiKu-main/vendor/laravel/framework/src/Illuminate/Database/Connection.php(797): Illuminate/Database/Connection->runQueryCallback()
#1 D:/website-DonasiKu-main/vendor/laravel/framework/src/Illuminate/Database/Connection.php(600): Illuminate/Database/Connection->run()
#2 D:/website-DonasiKu-main/vendor/laravel/framework/src/Illuminate/Database/Connection.php(564): Illuminate/Database/Connection->affectingStatement()
#3 D:/website-DonasiKu-main/vendor/laravel/framework/src/Illuminate/Database/Query/Builder.php(4509): Illuminate/Database/Connection->delete()
#4 D:/website-DonasiKu-main/vendor/laravel/framework/src/Illuminate/Cache/DatabaseStore.php(450): Illuminate/Database/Query/Builder->delete()
#5 D:/website-DonasiKu-main/vendor/laravel/framework/src/Illuminate/Cache/Repository.php(1047): Illuminate/Cache/DatabaseStore->flush()
#6 D:/website-DonasiKu-main/vendor/laravel/framework/src/Illuminate/Cache/Console/ClearCommand.php(73): Illuminate/Cache/Repository->__call()
#7 D:/website-DonasiKu-main/vendor/laravel/framework/src/Illuminate/Container/BoundMethod.php(36): Illuminate/Cache/Console/ClearCommand->handle()
#8 D:/website-DonasiKu-main/vendor/laravel/framework/src/Illuminate/Container/Util.php(43): Illuminate/Container/BoundMethod::{closure:Illuminate/Container/BoundMethod::call():35}()
#9 D:/website-DonasiKu-main/vendor/laravel/framework/src/Illuminate/Container/BoundMethod.php(96): Illuminate/Container/Util::unwrapIfClosure()
#10 D:/website-DonasiKu-main/vendor/laravel/framework/src/Illuminate/Container/BoundMethod.php(35): Illuminate/Container/BoundMethod::callBoundMethod()
#11 D:/website-DonasiKu-main/vendor/laravel/framework/src/Illuminate/Container/Container.php(799): Illuminate/Container/BoundMethod::call()
#12 D:/website-DonasiKu-main/vendor/laravel/framework/src/Illuminate/Console/Command.php(280): Illuminate/Container/Container->call()
#13 D:/website-DonasiKu-main/vendor/symfony/console/Command/Command.php(291): Illuminate/Console/Command->execute()
#14 D:/website-DonasiKu-main/vendor/laravel/framework/src/Illuminate/Console/Command.php(249): Symfony/Component/Console/Command/Command->run()
#15 D:/website-DonasiKu-main/vendor/laravel/framework/src/Illuminate/Console/Concerns/CallsCommands.php(68): Illuminate/Console/Command->run()
#16 D:/website-DonasiKu-main/vendor/laravel/framework/src/Illuminate/Console/Concerns/CallsCommands.php(41): Illuminate/Console/Command->runCommand()
#17 D:/website-DonasiKu-main/vendor/laravel/framework/src/Illuminate/Console/Concerns/CallsCommands.php(53): Illuminate/Console/Command->callSilent()
#18 D:/website-DonasiKu-main/vendor/laravel/framework/src/Illuminate/Foundation/Console/OptimizeClearCommand.php(48): Illuminate/Console/Command->callSilently()
#19 D:/website-DonasiKu-main/vendor/laravel/framework/src/Illuminate/Console/View/Components/Task.php(43): Illuminate/Foundation/Console/OptimizeClearCommand->{closure:Illuminate/Foundation/Console/OptimizeClearCommand::handle():48}()
#20 D:/website-DonasiKu-main/vendor/laravel/framework/src/Illuminate/Console/View/Components/Factory.php(59): Illuminate/Console/View/Components/Task->render()
#21 D:/website-DonasiKu-main/vendor/laravel/framework/src/Illuminate/Foundation/Console/OptimizeClearCommand.php(48): Illuminate/Console/View/Components/Factory->__call()
#22 D:/website-DonasiKu-main/vendor/laravel/framework/src/Illuminate/Container/BoundMethod.php(36): Illuminate/Foundation/Console/OptimizeClearCommand->handle()
#23 D:/website-DonasiKu-main/vendor/laravel/framework/src/Illuminate/Container/Util.php(43): Illuminate/Container/BoundMethod::{closure:Illuminate/Container/BoundMethod::call():35}()
#24 D:/website-DonasiKu-main/vendor/laravel/framework/src/Illuminate/Container/BoundMethod.php(96): Illuminate/Container/Util::unwrapIfClosure()
#25 D:/website-DonasiKu-main/vendor/laravel/framework/src/Illuminate/Container/BoundMethod.php(35): Illuminate/Container/BoundMethod::callBoundMethod()
#26 D:/website-DonasiKu-main/vendor/laravel/framework/src/Illuminate/Container/Container.php(799): Illuminate/Container/BoundMethod::call()
#27 D:/website-DonasiKu-main/vendor/laravel/framework/src/Illuminate/Console/Command.php(280): Illuminate/Container/Container->call()
#28 D:/website-DonasiKu-main/vendor/symfony/console/Command/Command.php(291): Illuminate/Console/Command->execute()
#29 D:/website-DonasiKu-main/vendor/laravel/framework/src/Illuminate/Console/Command.php(249): Symfony/Component/Console/Command/Command->run()
#30 D:/website-DonasiKu-main/vendor/symfony/console/Application.php(1107): Illuminate/Console/Command->run()
#31 D:/website-DonasiKu-main/vendor/symfony/console/Application.php(356): Symfony/Component/Console/Application->doRunCommand()
#32 D:/website-DonasiKu-main/vendor/symfony/console/Application.php(195): Symfony/Component/Console/Application->doRun()
#33 D:/website-DonasiKu-main/vendor/laravel/framework/src/Illuminate/Foundation/Console/Kernel.php(198): Symfony/Component/Console/Application->run()
#34 D:/website-DonasiKu-main/vendor/laravel/framework/src/Illuminate/Foundation/Application.php(1235): Illuminate/Foundation/Console/Kernel->handle()
#35 D:/website-DonasiKu-main/artisan(16): Illuminate/Foundation/Application->handleCommand()
#36 {main}

[previous exception] [object] (PDOException(code: 42S02): SQLSTATE[42S02]: Base table or view not found: 1146 Table 'laravel.cache' doesn't exist at D:/website-DonasiKu-main/vendor/laravel/framework/src/Illuminate/Database/Connection.php:608)
[stacktrace]
#0 D:/website-DonasiKu-main/vendor/laravel/framework/src/Illuminate/Database/Connection.php(608): PDO->prepare()
#1 D:/website-DonasiKu-main/vendor/laravel/framework/src/Illuminate/Database/Connection.php(830): Illuminate/Database/Connection->{closure:Illuminate/Database/Connection::affectingStatement():600}()
#2 D:/website-DonasiKu-main/vendor/laravel/framework/src/Illuminate/Database/Connection.php(797): Illuminate/Database/Connection->runQueryCallback()
#3 D:/website-DonasiKu-main/vendor/laravel/framework/src/Illuminate/Database/Connection.php(600): Illuminate/Database/Connection->run()
#4 D:/website-DonasiKu-main/vendor/laravel/framework/src/Illuminate/Database/Connection.php(564): Illuminate/Database/Connection->affectingStatement()
#5 D:/website-DonasiKu-main/vendor/laravel/framework/src/Illuminate/Database/Query/Builder.php(4509): Illuminate/Database/Connection->delete()
#6 D:/website-DonasiKu-main/vendor/laravel/framework/src/Illuminate/Cache/DatabaseStore.php(450): Illuminate/Database/Query/Builder->delete()
#7 D:/website-DonasiKu-main/vendor/laravel/framework/src/Illuminate/Cache/Repository.php(1047): Illuminate/Cache/DatabaseStore->flush()
#8 D:/website-DonasiKu-main/vendor/laravel/framework/src/Illuminate/Cache/Console/ClearCommand.php(73): Illuminate/Cache/Repository->__call()
#9 D:/website-DonasiKu-main/vendor/laravel/framework/src/Illuminate/Container/BoundMethod.php(36): Illuminate/Cache/Console/ClearCommand->handle()
#10 D:/website-DonasiKu-main/vendor/laravel/framework/src/Illuminate/Container/Util.php(43): Illuminate/Container/BoundMethod::{closure:Illuminate/Container/BoundMethod::call():35}()
#11 D:/website-DonasiKu-main/vendor/laravel/framework/src/Illuminate/Container/BoundMethod.php(96): Illuminate/Container/Util::unwrapIfClosure()
#12 D:/website-DonasiKu-main/vendor/laravel/framework/src/Illuminate/Container/BoundMethod.php(35): Illuminate/Container/BoundMethod::callBoundMethod()
#13 D:/website-DonasiKu-main/vendor/laravel/framework/src/Illuminate/Container/Container.php(799): Illuminate/Container/BoundMethod::call()
#14 D:/website-DonasiKu-main/vendor/laravel/framework/src/Illuminate/Console/Command.php(280): Illuminate/Container/Container->call()
#15 D:/website-DonasiKu-main/vendor/symfony/console/Command/Command.php(291): Illuminate/Console/Command->execute()
#16 D:/website-DonasiKu-main/vendor/laravel/framework/src/Illuminate/Console/Command.php(249): Symfony/Component/Console/Command/Command->run()
#17 D:/website-DonasiKu-main/vendor/laravel/framework/src/Illuminate/Console/Concerns/CallsCommands.php(68): Illuminate/Console/Command->run()
#18 D:/website-DonasiKu-main/vendor/laravel/framework/src/Illuminate/Console/Concerns/CallsCommands.php(41): Illuminate/Console/Command->runCommand()
#19 D:/website-DonasiKu-main/vendor/laravel/framework/src/Illuminate/Console/Concerns/CallsCommands.php(53): Illuminate/Console/Command->callSilent()
#20 D:/website-DonasiKu-main/vendor/laravel/framework/src/Illuminate/Foundation/Console/OptimizeClearCommand.php(48): Illuminate/Console/Command->callSilently()
#21 D:/website-DonasiKu-main/vendor/laravel/framework/src/Illuminate/Console/View/Components/Task.php(43): Illuminate/Foundation/Console/OptimizeClearCommand->{closure:Illuminate/Foundation/Console/OptimizeClearCommand::handle():48}()
#22 D:/website-DonasiKu-main/vendor/laravel/framework/src/Illuminate/Console/View/Components/Factory.php(59): Illuminate/Console/View/Components/Task->render()
#23 D:/website-DonasiKu-main/vendor/laravel/framework/src/Illuminate/Foundation/Console/OptimizeClearCommand.php(48): Illuminate/Console/View/Components/Factory->__call()
#24 D:/website-DonasiKu-main/vendor/laravel/framework/src/Illuminate/Container/BoundMethod.php(36): Illuminate/Foundation/Console/OptimizeClearCommand->handle()
#25 D:/website-DonasiKu-main/vendor/laravel/framework/src/Illuminate/Container/Util.php(43): Illuminate/Container/BoundMethod::{closure:Illuminate/Container/BoundMethod::call():35}()
#26 D:/website-DonasiKu-main/vendor/laravel/framework/src/Illuminate/Container/BoundMethod.php(96): Illuminate/Container/Util::unwrapIfClosure()
#27 D:/website-DonasiKu-main/vendor/laravel/framework/src/Illuminate/Container/BoundMethod.php(35): Illuminate/Container/BoundMethod::callBoundMethod()
#28 D:/website-DonasiKu-main/vendor/laravel/framework/src/Illuminate/Container/Container.php(799): Illuminate/Container/BoundMethod::call()
#29 D:/website-DonasiKu-main/vendor/laravel/framework/src/Illuminate/Console/Command.php(280): Illuminate/Container/Container->call()
#30 D:/website-DonasiKu-main/vendor/symfony/console/Command/Command.php(291): Illuminate/Console/Command->execute()
#31 D:/website-DonasiKu-main/vendor/laravel/framework/src/Illuminate/Console/Command.php(249): Symfony/Component/Console/Command/Command->run()
#32 D:/website-DonasiKu-main/vendor/symfony/console/Application.php(1107): Illuminate/Console/Command->run()
#33 D:/website-DonasiKu-main/vendor/symfony/console/Application.php(356): Symfony/Component/Console/Application->doRunCommand()
#34 D:/website-DonasiKu-main/vendor/symfony/console/Application.php(195): Symfony/Component/Console/Application->doRun()
#35 D:/website-DonasiKu-main/vendor/laravel/framework/src/Illuminate/Foundation/Console/Kernel.php(198): Symfony/Component/Console/Application->run()
#36 D:/website-DonasiKu-main/vendor/laravel/framework/src/Illuminate/Foundation/Application.php(1235): Illuminate/Foundation/Console/Kernel->handle()
#37 D:/website-DonasiKu-main/artisan(16): Illuminate/Foundation/Application->handleCommand()
#38 {main}
"} 
